INFO: [VRFC 10-2263] Analyzing Verilog file "D:/GitHub/Image_Downsampling_Processor/Processor.sim/sim_1/synth/func/processor_func_synth.v" into library xil_defaultlib
INFO: [VRFC 10-311] analyzing module Baud_gen
INFO: [VRFC 10-311] analyzing module Control_Unit
INFO: [VRFC 10-311] analyzing module DRAM
INFO: [VRFC 10-311] analyzing module DRAM_blk_mem_gen_0_0
INFO: [VRFC 10-311] analyzing module DRAM_wrapper
INFO: [VRFC 10-311] analyzing module IRAM
INFO: [VRFC 10-311] analyzing module IR_Reg
INFO: [VRFC 10-311] analyzing module Memory_Control
INFO: [VRFC 10-311] analyzing module UART_RX
INFO: [VRFC 10-311] analyzing module processor
INFO: [VRFC 10-311] analyzing module DRAM_blk_mem_gen_0_0_bindec
INFO: [VRFC 10-311] analyzing module DRAM_blk_mem_gen_0_0_blk_mem_gen_generic_cstr
INFO: [VRFC 10-311] analyzing module DRAM_blk_mem_gen_0_0_blk_mem_gen_mux
INFO: [VRFC 10-311] analyzing module DRAM_blk_mem_gen_0_0_blk_mem_gen_prim_width
INFO: [VRFC 10-311] analyzing module DRAM_blk_mem_gen_0_0_blk_mem_gen_prim_width__parameterized0
INFO: [VRFC 10-311] analyzing module DRAM_blk_mem_gen_0_0_blk_mem_gen_prim_width__parameterized1
INFO: [VRFC 10-311] analyzing module DRAM_blk_mem_gen_0_0_blk_mem_gen_prim_width__parameterized10
INFO: [VRFC 10-311] analyzing module DRAM_blk_mem_gen_0_0_blk_mem_gen_prim_width__parameterized11
INFO: [VRFC 10-311] analyzing module DRAM_blk_mem_gen_0_0_blk_mem_gen_prim_width__parameterized12
INFO: [VRFC 10-311] analyzing module DRAM_blk_mem_gen_0_0_blk_mem_gen_prim_width__parameterized13
INFO: [VRFC 10-311] analyzing module DRAM_blk_mem_gen_0_0_blk_mem_gen_prim_width__parameterized14
INFO: [VRFC 10-311] analyzing module DRAM_blk_mem_gen_0_0_blk_mem_gen_prim_width__parameterized15
INFO: [VRFC 10-311] analyzing module DRAM_blk_mem_gen_0_0_blk_mem_gen_prim_width__parameterized16
INFO: [VRFC 10-311] analyzing module DRAM_blk_mem_gen_0_0_blk_mem_gen_prim_width__parameterized17
INFO: [VRFC 10-311] analyzing module DRAM_blk_mem_gen_0_0_blk_mem_gen_prim_width__parameterized18
INFO: [VRFC 10-311] analyzing module DRAM_blk_mem_gen_0_0_blk_mem_gen_prim_width__parameterized19
INFO: [VRFC 10-311] analyzing module DRAM_blk_mem_gen_0_0_blk_mem_gen_prim_width__parameterized2
INFO: [VRFC 10-311] analyzing module DRAM_blk_mem_gen_0_0_blk_mem_gen_prim_width__parameterized20
INFO: [VRFC 10-311] analyzing module DRAM_blk_mem_gen_0_0_blk_mem_gen_prim_width__parameterized21
INFO: [VRFC 10-311] analyzing module DRAM_blk_mem_gen_0_0_blk_mem_gen_prim_width__parameterized3
INFO: [VRFC 10-311] analyzing module DRAM_blk_mem_gen_0_0_blk_mem_gen_prim_width__parameterized4
INFO: [VRFC 10-311] analyzing module DRAM_blk_mem_gen_0_0_blk_mem_gen_prim_width__parameterized5
INFO: [VRFC 10-311] analyzing module DRAM_blk_mem_gen_0_0_blk_mem_gen_prim_width__parameterized6
INFO: [VRFC 10-311] analyzing module DRAM_blk_mem_gen_0_0_blk_mem_gen_prim_width__parameterized7
INFO: [VRFC 10-311] analyzing module DRAM_blk_mem_gen_0_0_blk_mem_gen_prim_width__parameterized8
INFO: [VRFC 10-311] analyzing module DRAM_blk_mem_gen_0_0_blk_mem_gen_prim_width__parameterized9
INFO: [VRFC 10-311] analyzing module DRAM_blk_mem_gen_0_0_blk_mem_gen_prim_wrapper_init
INFO: [VRFC 10-311] analyzing module DRAM_blk_mem_gen_0_0_blk_mem_gen_prim_wrapper_init__parameterized0
INFO: [VRFC 10-311] analyzing module DRAM_blk_mem_gen_0_0_blk_mem_gen_prim_wrapper_init__parameterized1
INFO: [VRFC 10-311] analyzing module DRAM_blk_mem_gen_0_0_blk_mem_gen_prim_wrapper_init__parameterized10
INFO: [VRFC 10-311] analyzing module DRAM_blk_mem_gen_0_0_blk_mem_gen_prim_wrapper_init__parameterized11
INFO: [VRFC 10-311] analyzing module DRAM_blk_mem_gen_0_0_blk_mem_gen_prim_wrapper_init__parameterized12
INFO: [VRFC 10-311] analyzing module DRAM_blk_mem_gen_0_0_blk_mem_gen_prim_wrapper_init__parameterized13
INFO: [VRFC 10-311] analyzing module DRAM_blk_mem_gen_0_0_blk_mem_gen_prim_wrapper_init__parameterized14
INFO: [VRFC 10-311] analyzing module DRAM_blk_mem_gen_0_0_blk_mem_gen_prim_wrapper_init__parameterized15
INFO: [VRFC 10-311] analyzing module DRAM_blk_mem_gen_0_0_blk_mem_gen_prim_wrapper_init__parameterized16
INFO: [VRFC 10-311] analyzing module DRAM_blk_mem_gen_0_0_blk_mem_gen_prim_wrapper_init__parameterized17
INFO: [VRFC 10-311] analyzing module DRAM_blk_mem_gen_0_0_blk_mem_gen_prim_wrapper_init__parameterized18
INFO: [VRFC 10-311] analyzing module DRAM_blk_mem_gen_0_0_blk_mem_gen_prim_wrapper_init__parameterized19
INFO: [VRFC 10-311] analyzing module DRAM_blk_mem_gen_0_0_blk_mem_gen_prim_wrapper_init__parameterized2
INFO: [VRFC 10-311] analyzing module DRAM_blk_mem_gen_0_0_blk_mem_gen_prim_wrapper_init__parameterized20
INFO: [VRFC 10-311] analyzing module DRAM_blk_mem_gen_0_0_blk_mem_gen_prim_wrapper_init__parameterized21
INFO: [VRFC 10-311] analyzing module DRAM_blk_mem_gen_0_0_blk_mem_gen_prim_wrapper_init__parameterized3
INFO: [VRFC 10-311] analyzing module DRAM_blk_mem_gen_0_0_blk_mem_gen_prim_wrapper_init__parameterized4
INFO: [VRFC 10-311] analyzing module DRAM_blk_mem_gen_0_0_blk_mem_gen_prim_wrapper_init__parameterized5
INFO: [VRFC 10-311] analyzing module DRAM_blk_mem_gen_0_0_blk_mem_gen_prim_wrapper_init__parameterized6
INFO: [VRFC 10-311] analyzing module DRAM_blk_mem_gen_0_0_blk_mem_gen_prim_wrapper_init__parameterized7
INFO: [VRFC 10-311] analyzing module DRAM_blk_mem_gen_0_0_blk_mem_gen_prim_wrapper_init__parameterized8
INFO: [VRFC 10-311] analyzing module DRAM_blk_mem_gen_0_0_blk_mem_gen_prim_wrapper_init__parameterized9
INFO: [VRFC 10-311] analyzing module DRAM_blk_mem_gen_0_0_blk_mem_gen_top
INFO: [VRFC 10-311] analyzing module DRAM_blk_mem_gen_0_0_blk_mem_gen_v8_3_6
INFO: [VRFC 10-311] analyzing module DRAM_blk_mem_gen_0_0_blk_mem_gen_v8_3_6_synth
INFO: [VRFC 10-311] analyzing module glbl
