Unable to capture context for thread 8104 in process 8976, can not generate back trace
Unable to capture context for thread 5336 in process 8976, can not generate back trace
Exception at PC 0x00007FFDBA3DBB93
Printing stacktrace...

[0]  [0x00007FFDBA3DBB93]
[1]  [0x00007FFDBA3DBB93]
[2]  [0x00007FFDBA3DB4A1]
[3]  [0x00007FFDBA3DB3EF]
[4]  [0x00007FFDBA3C19FE]
[5]  [0x00007FFDBA3C0ED1]
[6]  [0x00007FFDBA3C0D76]
[7]  [0x00007FFDBA3679F6]
[8]  [0x00007FFDBA357AFB]
[9]  [0x00007FFDBA47E90A]
[10]  [0x00007FFDBA499F87]
[11]  [0x00007FFDBA49A05F]
[12] (BaseThreadInitThunk+0x14) [0x00007FFE19648364]
[13] (RtlUserThreadStart+0x21) [0x00007FFE1B7770D1]
Done
Exception at PC 0x00007FFDBA0E1A52
Attemped to write at address 0x00007FFDE6DBABA4
Printing stacktrace...

[0]  [0x00007FFDBA0E1A52]
[1]  [0x00007FFDBA0E1A52]
[2]  [0x00007FFDBA0E1AD4]
[3]  [0x00007FFDBA223FF7]
[4]  [0x00007FFDBA109128]
[5]  [0x00007FFDBA3BDFB9]
[6]  [0x00007FFDBA58EF23]
[7]  [0x00007FFDBA49B06B]
[8]  [0x00007FFDBA4908AF]
[9]  [0x00007FFDBA490A32]
[10] (RtlDeactivateActivationContextUnsafeFast+0x1bf) [0x00007FFE1B73A35F]
[11] (LdrShutdownProcess+0x14b) [0x00007FFE1B71806B]
[12] (RtlExitUserProcess+0xb4) [0x00007FFE1B717D94]
[13] (ExitProcess+0xa) [0x00007FFE1965CE6A]
[14] (exit+0x85) [0x00007FFE18CDA4A5]
[15] (initterm_e+0x231) [0x00007FFE18CDAB01]
[16]  [0x00000000004014CD]
[17]  [0x000000000040151B]
[18] (BaseThreadInitThunk+0x14) [0x00007FFE19648364]
[19] (RtlUserThreadStart+0x21) [0x00007FFE1B7770D1]
Done
