Unable to capture context for thread 3508 in process 3360, can not generate back trace
Unable to capture context for thread 2348 in process 3360, can not generate back trace
Exception at PC 0x00007FFACA66BB93
Printing stacktrace...

[0]  [0x00007FFACA66BB93]
[1]  [0x00007FFACA66BB93]
[2]  [0x00007FFACA66B4A1]
[3]  [0x00007FFACA66B3EF]
[4]  [0x00007FFACA6519FE]
[5]  [0x00007FFACA650ED1]
[6]  [0x00007FFACA650D76]
[7]  [0x00007FFACA5F79F6]
[8]  [0x00007FFACA5E7AFB]
[9]  [0x00007FFACA70E90A]
[10]  [0x00007FFACA729F87]
[11]  [0x00007FFACA72A05F]
[12] (BaseThreadInitThunk+0x14) [0x00007FFAFB188364]
[13] (RtlUserThreadStart+0x21) [0x00007FFAFD0670D1]
Done
Exception at PC 0x00007FFACA371A52
Attemped to write at address 0x00007FFACB08ABA4
Printing stacktrace...

[0]  [0x00007FFACA371A52]
[1]  [0x00007FFACA371A52]
[2]  [0x00007FFACA371AD4]
[3]  [0x00007FFACA4B3FF7]
[4]  [0x00007FFACA399128]
[5]  [0x00007FFACA64DFB9]
[6]  [0x00007FFACA81EF23]
[7]  [0x00007FFACA72B06B]
[8]  [0x00007FFACA7208AF]
[9]  [0x00007FFACA720A32]
[10] (RtlDeactivateActivationContextUnsafeFast+0x1bf) [0x00007FFAFD02A35F]
[11] (LdrShutdownProcess+0x14b) [0x00007FFAFD00806B]
[12] (RtlExitUserProcess+0xb4) [0x00007FFAFD007D94]
[13] (ExitProcess+0xa) [0x00007FFAFB19CE6A]
[14] (exit+0x85) [0x00007FFAFA8DA4A5]
[15] (initterm_e+0x231) [0x00007FFAFA8DAB01]
[16]  [0x00000000004014CD]
[17]  [0x000000000040151B]
[18] (BaseThreadInitThunk+0x14) [0x00007FFAFB188364]
[19] (RtlUserThreadStart+0x21) [0x00007FFAFD0670D1]
Done
